INFO    2017-03-08 14:38:17,353 [main] com.wipo.markcode.UtilityManager  - Initializing Utility...........................................!!!!!
DEBUG   2017-03-08 14:38:17,365 [main] com.wipo.markcode.UtilityManager  - ################################################
DEBUG   2017-03-08 14:38:17,365 [main] com.wipo.markcode.UtilityManager  - =================================================
DEBUG   2017-03-08 14:38:17,365 [main] com.wipo.markcode.UtilityManager  - LOG4JCONFIGFILE:::log4j.properties
DEBUG   2017-03-08 14:38:17,366 [main] com.wipo.markcode.UtilityConfiguration  - loading configuration.....
DEBUG   2017-03-08 14:38:17,386 [main] com.wipo.markcode.UtilityConfiguration  - IIOP PORT:::3700
DEBUG   2017-03-08 14:38:17,386 [main] com.wipo.markcode.UtilityConfiguration  - iiopHost:::localhost
DEBUG   2017-03-08 14:38:17,386 [main] com.wipo.markcode.UtilityConfiguration  - databaseHost:::localhost
DEBUG   2017-03-08 14:38:17,387 [main] com.wipo.markcode.UtilityConfiguration  - databasePort:::1521
DEBUG   2017-03-08 14:38:17,387 [main] com.wipo.markcode.UtilityConfiguration  - databaseTool:::oracle
DEBUG   2017-03-08 14:38:17,387 [main] com.wipo.markcode.UtilityConfiguration  - databaseName:::IPAS330UAT2
DEBUG   2017-03-08 14:38:17,387 [main] com.wipo.markcode.UtilityConfiguration  - userName:::IPAS330UAT2
DEBUG   2017-03-08 14:38:41,572 [main] com.wipo.markcode.UtilityManager  - Obtaining Database Connection....
INFO    2017-03-08 14:38:41,573 [main] com.wipo.markcode.DBdataProcessor  - Database Type is Oracle....
INFO    2017-03-08 14:38:43,790 [main] com.wipo.markcode.UtilityManager  - Initializing Completed...............................................!!!!!!
DEBUG   2017-03-08 14:38:43,790 [main] com.wipo.markcode.UtilityManager  - =================================================
DEBUG   2017-03-08 14:38:43,790 [main] com.wipo.markcode.UtilityManager  - ################################################
DEBUG   2017-03-08 14:38:44,108 [main] com.wipo.markcode.UtilityManager  - =================================================
DEBUG   2017-03-08 14:38:44,108 [main] com.wipo.markcode.UtilityManager  - list_of_mark_having_Problem ::[TN/T/2017/4, TN/T/2017/5]
DEBUG   2017-03-08 14:38:44,108 [main] com.wipo.markcode.UtilityManager  - ################################################
DEBUG   2017-03-08 14:38:44,108 [main] com.wipo.markcode.UtilityManager  - going to process mark:::TN/T/2017/4
DEBUG   2017-03-08 14:38:44,111 [main] com.wipo.markcode.DBdataProcessor  - going to insert a new row in IP_NAME table::
DEBUG   2017-03-08 14:38:44,111 [main] com.wipo.markcode.DBdataProcessor  - ==========================================================
ERROR   2017-03-08 14:38:44,150 [main] com.wipo.markcode.DBdataProcessor  - Error Occured while inserting row in IP_NAME table. 
java.sql.SQLException: ORA-01008: not all variables bound

	at oracle.jdbc.driver.DatabaseError.throwSqlException(DatabaseError.java:112)
	at oracle.jdbc.driver.T4CTTIoer.processError(T4CTTIoer.java:331)
	at oracle.jdbc.driver.T4CTTIoer.processError(T4CTTIoer.java:288)
	at oracle.jdbc.driver.T4C8Oall.receive(T4C8Oall.java:743)
	at oracle.jdbc.driver.T4CPreparedStatement.doOall8(T4CPreparedStatement.java:216)
	at oracle.jdbc.driver.T4CPreparedStatement.executeForRows(T4CPreparedStatement.java:955)
	at oracle.jdbc.driver.OracleStatement.doExecuteWithTimeout(OracleStatement.java:1169)
	at oracle.jdbc.driver.OracleStatement.executeUpdateInternal(OracleStatement.java:1615)
	at oracle.jdbc.driver.OracleStatement.executeUpdate(OracleStatement.java:1580)
	at com.wipo.markcode.DBdataProcessor.insertMarkCodeInIP_NAME(DBdataProcessor.java:351)
	at com.wipo.markcode.UtilityManager.insertMarkCodeInIP_NAME(UtilityManager.java:162)
	at com.wipo.markcode.UtilityManager.processMarksHavingProblem(UtilityManager.java:129)
	at com.wipo.markcode.UtilityController.main(UtilityController.java:16)
DEBUG   2017-03-08 14:38:44,152 [main] com.wipo.markcode.DBdataProcessor  - going to update mark_code in IP_MARK table::
DEBUG   2017-03-08 14:38:44,152 [main] com.wipo.markcode.DBdataProcessor  - ==========================================================
ERROR   2017-03-08 14:38:44,153 [main] com.wipo.markcode.DBdataProcessor  - Error Occured while inserting row in IP_NAME table. 
java.sql.SQLException: ORA-01008: not all variables bound

	at oracle.jdbc.driver.DatabaseError.throwSqlException(DatabaseError.java:112)
	at oracle.jdbc.driver.T4CTTIoer.processError(T4CTTIoer.java:331)
	at oracle.jdbc.driver.T4CTTIoer.processError(T4CTTIoer.java:288)
	at oracle.jdbc.driver.T4C8Oall.receive(T4C8Oall.java:743)
	at oracle.jdbc.driver.T4CPreparedStatement.doOall8(T4CPreparedStatement.java:216)
	at oracle.jdbc.driver.T4CPreparedStatement.executeForRows(T4CPreparedStatement.java:955)
	at oracle.jdbc.driver.OracleStatement.doExecuteWithTimeout(OracleStatement.java:1169)
	at oracle.jdbc.driver.OracleStatement.executeUpdateInternal(OracleStatement.java:1615)
	at oracle.jdbc.driver.OracleStatement.executeUpdate(OracleStatement.java:1580)
	at com.wipo.markcode.DBdataProcessor.updateIP_MARKwithMarkCode(DBdataProcessor.java:419)
	at com.wipo.markcode.UtilityManager.updateIP_MARKwithMarkCode(UtilityManager.java:156)
	at com.wipo.markcode.UtilityManager.processMarksHavingProblem(UtilityManager.java:132)
	at com.wipo.markcode.UtilityController.main(UtilityController.java:16)
DEBUG   2017-03-08 14:38:44,154 [main] com.wipo.markcode.UtilityManager  - Mark :::TN/T/2017/4 is processed successfully....
DEBUG   2017-03-08 14:38:44,154 [main] com.wipo.markcode.UtilityManager  - going to process mark:::TN/T/2017/5
DEBUG   2017-03-08 14:38:44,174 [main] com.wipo.markcode.DBdataProcessor  - going to insert a new row in IP_NAME table::
DEBUG   2017-03-08 14:38:44,174 [main] com.wipo.markcode.DBdataProcessor  - ==========================================================
ERROR   2017-03-08 14:38:44,175 [main] com.wipo.markcode.DBdataProcessor  - Error Occured while inserting row in IP_NAME table. 
java.sql.SQLException: ORA-01008: not all variables bound

	at oracle.jdbc.driver.DatabaseError.throwSqlException(DatabaseError.java:112)
	at oracle.jdbc.driver.T4CTTIoer.processError(T4CTTIoer.java:331)
	at oracle.jdbc.driver.T4CTTIoer.processError(T4CTTIoer.java:288)
	at oracle.jdbc.driver.T4C8Oall.receive(T4C8Oall.java:743)
	at oracle.jdbc.driver.T4CPreparedStatement.doOall8(T4CPreparedStatement.java:216)
	at oracle.jdbc.driver.T4CPreparedStatement.executeForRows(T4CPreparedStatement.java:955)
	at oracle.jdbc.driver.OracleStatement.doExecuteWithTimeout(OracleStatement.java:1169)
	at oracle.jdbc.driver.OracleStatement.executeUpdateInternal(OracleStatement.java:1615)
	at oracle.jdbc.driver.OracleStatement.executeUpdate(OracleStatement.java:1580)
	at com.wipo.markcode.DBdataProcessor.insertMarkCodeInIP_NAME(DBdataProcessor.java:351)
	at com.wipo.markcode.UtilityManager.insertMarkCodeInIP_NAME(UtilityManager.java:162)
	at com.wipo.markcode.UtilityManager.processMarksHavingProblem(UtilityManager.java:129)
	at com.wipo.markcode.UtilityController.main(UtilityController.java:16)
DEBUG   2017-03-08 14:38:44,175 [main] com.wipo.markcode.DBdataProcessor  - going to update mark_code in IP_MARK table::
DEBUG   2017-03-08 14:38:44,175 [main] com.wipo.markcode.DBdataProcessor  - ==========================================================
ERROR   2017-03-08 14:38:44,176 [main] com.wipo.markcode.DBdataProcessor  - Error Occured while inserting row in IP_NAME table. 
java.sql.SQLException: ORA-01008: not all variables bound

	at oracle.jdbc.driver.DatabaseError.throwSqlException(DatabaseError.java:112)
	at oracle.jdbc.driver.T4CTTIoer.processError(T4CTTIoer.java:331)
	at oracle.jdbc.driver.T4CTTIoer.processError(T4CTTIoer.java:288)
	at oracle.jdbc.driver.T4C8Oall.receive(T4C8Oall.java:743)
	at oracle.jdbc.driver.T4CPreparedStatement.doOall8(T4CPreparedStatement.java:216)
	at oracle.jdbc.driver.T4CPreparedStatement.executeForRows(T4CPreparedStatement.java:955)
	at oracle.jdbc.driver.OracleStatement.doExecuteWithTimeout(OracleStatement.java:1169)
	at oracle.jdbc.driver.OracleStatement.executeUpdateInternal(OracleStatement.java:1615)
	at oracle.jdbc.driver.OracleStatement.executeUpdate(OracleStatement.java:1580)
	at com.wipo.markcode.DBdataProcessor.updateIP_MARKwithMarkCode(DBdataProcessor.java:419)
	at com.wipo.markcode.UtilityManager.updateIP_MARKwithMarkCode(UtilityManager.java:156)
	at com.wipo.markcode.UtilityManager.processMarksHavingProblem(UtilityManager.java:132)
	at com.wipo.markcode.UtilityController.main(UtilityController.java:16)
DEBUG   2017-03-08 14:38:44,177 [main] com.wipo.markcode.UtilityManager  - Mark :::TN/T/2017/5 is processed successfully....
DEBUG   2017-03-08 14:38:44,177 [main] com.wipo.markcode.UtilityManager  - All Marks are processed successfully.......
DEBUG   2017-03-08 14:38:44,177 [main] com.wipo.markcode.UtilityManager  - Closing database connection..........!!
DEBUG   2017-03-08 14:38:44,178 [main] com.wipo.markcode.UtilityManager  - Database connection closed..........!!
INFO    2017-03-08 14:38:44,178 [main] com.wipo.markcode.UtilityManager  - Processing Completed.......................!!!
INFO    2017-03-08 14:38:44,178 [main] com.wipo.markcode.UtilityManager  - =================================================
INFO    2017-03-08 14:38:44,178 [main] com.wipo.markcode.UtilityManager  - Please check processed details in log file generated in log folder
INFO    2017-03-08 14:38:44,178 [main] com.wipo.markcode.UtilityManager  - ********************************************************
