INFO    2017-03-09 16:30:01,379 [main] com.wipo.markcode.UtilityManager  - Initializing Utility...........................................!!!!!
DEBUG   2017-03-09 16:30:01,380 [main] com.wipo.markcode.UtilityManager  - ################################################
DEBUG   2017-03-09 16:30:01,384 [main] com.wipo.markcode.UtilityManager  - =================================================
DEBUG   2017-03-09 16:30:01,385 [main] com.wipo.markcode.UtilityManager  - LOG4JCONFIGFILE:::log4j.properties
DEBUG   2017-03-09 16:30:01,386 [main] com.wipo.markcode.UtilityConfiguration  - loading configuration.....
DEBUG   2017-03-09 16:30:01,387 [main] com.wipo.markcode.UtilityConfiguration  - IIOP PORT:::3700
DEBUG   2017-03-09 16:30:01,387 [main] com.wipo.markcode.UtilityConfiguration  - iiopHost:::localhost
DEBUG   2017-03-09 16:30:01,387 [main] com.wipo.markcode.UtilityConfiguration  - databaseHost:::localhost
DEBUG   2017-03-09 16:30:01,387 [main] com.wipo.markcode.UtilityConfiguration  - databasePort:::1521
DEBUG   2017-03-09 16:30:01,387 [main] com.wipo.markcode.UtilityConfiguration  - databaseTool:::oracle
DEBUG   2017-03-09 16:30:01,388 [main] com.wipo.markcode.UtilityConfiguration  - databaseName:::IPAS330UAT2
DEBUG   2017-03-09 16:30:01,388 [main] com.wipo.markcode.UtilityConfiguration  - userName:::IPAS330UAT2
DEBUG   2017-03-09 16:30:02,068 [main] com.wipo.markcode.UtilityManager  - Obtaining Database Connection....
INFO    2017-03-09 16:30:02,069 [main] com.wipo.markcode.DBdataProcessor  - Database Type is Oracle....
INFO    2017-03-09 16:30:02,214 [main] com.wipo.markcode.UtilityManager  - Initializing Completed...............................................!!!!!!
DEBUG   2017-03-09 16:30:02,214 [main] com.wipo.markcode.UtilityManager  - =================================================
DEBUG   2017-03-09 16:30:02,214 [main] com.wipo.markcode.UtilityManager  - ################################################
DEBUG   2017-03-09 16:30:02,273 [main] com.wipo.markcode.UtilityManager  - =================================================
DEBUG   2017-03-09 16:30:02,273 [main] com.wipo.markcode.UtilityManager  - list_of_mark_having_Problem ::[TN/T/2017/4, TN/T/2017/5]
DEBUG   2017-03-09 16:30:02,273 [main] com.wipo.markcode.UtilityManager  - ################################################
DEBUG   2017-03-09 16:30:02,273 [main] com.wipo.markcode.UtilityManager  - going to process mark:::TN/T/2017/4
DEBUG   2017-03-09 16:30:02,275 [main] com.wipo.markcode.UtilityManager  - Obtained mark_code ::113
DEBUG   2017-03-09 16:30:02,275 [main] com.wipo.markcode.DBdataProcessor  - going to insert a new row in IP_NAME table::
DEBUG   2017-03-09 16:30:02,275 [main] com.wipo.markcode.DBdataProcessor  - ==========================================================
DEBUG   2017-03-09 16:30:02,276 [main] com.wipo.markcode.DBdataProcessor  - Row inserted in IP_NAME successfully
DEBUG   2017-03-09 16:30:02,276 [main] com.wipo.markcode.DBdataProcessor  - going to update mark_code in IP_MARK table::
DEBUG   2017-03-09 16:30:02,276 [main] com.wipo.markcode.DBdataProcessor  - ==========================================================
ERROR   2017-03-09 16:30:02,298 [main] com.wipo.markcode.UtilityManager  - Exception occurred while inserting or updating Mark code
java.sql.SQLException
	at com.wipo.markcode.DBdataProcessor.updateIP_MARKwithMarkCode(DBdataProcessor.java:492)
	at com.wipo.markcode.UtilityManager.updateIP_MARKwithMarkCode(UtilityManager.java:181)
	at com.wipo.markcode.UtilityManager.processMarksHavingProblem(UtilityManager.java:147)
	at com.wipo.markcode.UtilityController.main(UtilityController.java:16)
DEBUG   2017-03-09 16:30:02,299 [main] com.wipo.markcode.UtilityManager  - Executing for next mark
DEBUG   2017-03-09 16:30:02,299 [main] com.wipo.markcode.UtilityManager  - going to process mark:::TN/T/2017/5
DEBUG   2017-03-09 16:30:02,300 [main] com.wipo.markcode.UtilityManager  - Obtained mark_code ::114
DEBUG   2017-03-09 16:30:02,300 [main] com.wipo.markcode.DBdataProcessor  - going to insert a new row in IP_NAME table::
DEBUG   2017-03-09 16:30:02,300 [main] com.wipo.markcode.DBdataProcessor  - ==========================================================
DEBUG   2017-03-09 16:30:02,300 [main] com.wipo.markcode.DBdataProcessor  - Row inserted in IP_NAME successfully
DEBUG   2017-03-09 16:30:02,300 [main] com.wipo.markcode.DBdataProcessor  - going to update mark_code in IP_MARK table::
DEBUG   2017-03-09 16:30:02,300 [main] com.wipo.markcode.DBdataProcessor  - ==========================================================
ERROR   2017-03-09 16:30:02,301 [main] com.wipo.markcode.UtilityManager  - Exception occurred while inserting or updating Mark code
java.sql.SQLException
	at com.wipo.markcode.DBdataProcessor.updateIP_MARKwithMarkCode(DBdataProcessor.java:492)
	at com.wipo.markcode.UtilityManager.updateIP_MARKwithMarkCode(UtilityManager.java:181)
	at com.wipo.markcode.UtilityManager.processMarksHavingProblem(UtilityManager.java:147)
	at com.wipo.markcode.UtilityController.main(UtilityController.java:16)
DEBUG   2017-03-09 16:30:02,301 [main] com.wipo.markcode.UtilityManager  - Executing for next mark
DEBUG   2017-03-09 16:30:02,301 [main] com.wipo.markcode.UtilityManager  - Marks that are not updated with markCode are::[TN/T/2017/4, TN/T/2017/5]
DEBUG   2017-03-09 16:30:02,301 [main] com.wipo.markcode.UtilityManager  - All Marks are processed successfully.......
DEBUG   2017-03-09 16:30:02,301 [main] com.wipo.markcode.UtilityManager  - Closing database connection..........!!
DEBUG   2017-03-09 16:30:02,303 [main] com.wipo.markcode.UtilityManager  - Database connection closed..........!!
INFO    2017-03-09 16:30:02,303 [main] com.wipo.markcode.UtilityManager  - Processing Completed.......................!!!
INFO    2017-03-09 16:30:02,303 [main] com.wipo.markcode.UtilityManager  - =================================================
INFO    2017-03-09 16:30:02,303 [main] com.wipo.markcode.UtilityManager  - Please check processed details in log file generated in log folder
INFO    2017-03-09 16:30:02,303 [main] com.wipo.markcode.UtilityManager  - ********************************************************
