INFO    2017-03-09 11:58:19,627 [main] com.wipo.markcode.UtilityManager  - Initializing Utility...........................................!!!!!
DEBUG   2017-03-09 11:58:19,628 [main] com.wipo.markcode.UtilityManager  - ################################################
DEBUG   2017-03-09 11:58:19,628 [main] com.wipo.markcode.UtilityManager  - =================================================
DEBUG   2017-03-09 11:58:19,628 [main] com.wipo.markcode.UtilityManager  - LOG4JCONFIGFILE:::log4j.properties
DEBUG   2017-03-09 11:58:19,629 [main] com.wipo.markcode.UtilityConfiguration  - loading configuration.....
DEBUG   2017-03-09 11:58:19,630 [main] com.wipo.markcode.UtilityConfiguration  - IIOP PORT:::3700
DEBUG   2017-03-09 11:58:19,630 [main] com.wipo.markcode.UtilityConfiguration  - iiopHost:::localhost
DEBUG   2017-03-09 11:58:19,630 [main] com.wipo.markcode.UtilityConfiguration  - databaseHost:::localhost
DEBUG   2017-03-09 11:58:19,630 [main] com.wipo.markcode.UtilityConfiguration  - databasePort:::1521
DEBUG   2017-03-09 11:58:19,630 [main] com.wipo.markcode.UtilityConfiguration  - databaseTool:::oracle
DEBUG   2017-03-09 11:58:19,630 [main] com.wipo.markcode.UtilityConfiguration  - databaseName:::IPAS330UAT2
DEBUG   2017-03-09 11:58:19,631 [main] com.wipo.markcode.UtilityConfiguration  - userName:::IPAS330UAT2
DEBUG   2017-03-09 11:58:20,322 [main] com.wipo.markcode.UtilityManager  - Obtaining Database Connection....
INFO    2017-03-09 11:58:20,338 [main] com.wipo.markcode.DBdataProcessor  - Database Type is Oracle....
INFO    2017-03-09 11:58:20,489 [main] com.wipo.markcode.UtilityManager  - Initializing Completed...............................................!!!!!!
DEBUG   2017-03-09 11:58:20,489 [main] com.wipo.markcode.UtilityManager  - =================================================
DEBUG   2017-03-09 11:58:20,489 [main] com.wipo.markcode.UtilityManager  - ################################################
DEBUG   2017-03-09 11:58:20,556 [main] com.wipo.markcode.UtilityManager  - =================================================
DEBUG   2017-03-09 11:58:20,556 [main] com.wipo.markcode.UtilityManager  - list_of_mark_having_Problem ::[TN/T/2017/4, TN/T/2017/5]
DEBUG   2017-03-09 11:58:20,556 [main] com.wipo.markcode.UtilityManager  - ################################################
DEBUG   2017-03-09 11:58:20,556 [main] com.wipo.markcode.UtilityManager  - List 
DEBUG   2017-03-09 11:58:20,556 [main] com.wipo.markcode.UtilityManager  - going to process mark:::TN/T/2017/4
DEBUG   2017-03-09 11:59:19,742 [main] com.wipo.markcode.UtilityManager  - Obtained mark_code ::0
DEBUG   2017-03-09 11:59:21,102 [main] com.wipo.markcode.DBdataProcessor  - going to insert a new row in IP_NAME table::
DEBUG   2017-03-09 11:59:21,102 [main] com.wipo.markcode.DBdataProcessor  - ==========================================================
ERROR   2017-03-09 12:07:01,511 [main] com.wipo.markcode.DBdataProcessor  - Error Occured while inserting row in IP_NAME table. 
java.sql.SQLException: ORA-00001: unique constraint (IPAS330UAT2.DENOMINACION_PK) violated

	at oracle.jdbc.driver.DatabaseError.throwSqlException(DatabaseError.java:112)
	at oracle.jdbc.driver.T4CTTIoer.processError(T4CTTIoer.java:331)
	at oracle.jdbc.driver.T4CTTIoer.processError(T4CTTIoer.java:288)
	at oracle.jdbc.driver.T4C8Oall.receive(T4C8Oall.java:743)
	at oracle.jdbc.driver.T4CPreparedStatement.doOall8(T4CPreparedStatement.java:216)
	at oracle.jdbc.driver.T4CPreparedStatement.executeForRows(T4CPreparedStatement.java:955)
	at oracle.jdbc.driver.OracleStatement.doExecuteWithTimeout(OracleStatement.java:1169)
	at oracle.jdbc.driver.OraclePreparedStatement.executeInternal(OraclePreparedStatement.java:3285)
	at oracle.jdbc.driver.OraclePreparedStatement.executeUpdate(OraclePreparedStatement.java:3368)
	at com.wipo.markcode.DBdataProcessor.insertMarkCodeInIP_NAME(DBdataProcessor.java:404)
	at com.wipo.markcode.UtilityManager.insertMarkCodeInIP_NAME(UtilityManager.java:187)
	at com.wipo.markcode.UtilityManager.processMarksHavingProblem(UtilityManager.java:146)
	at com.wipo.markcode.UtilityController.main(UtilityController.java:16)
DEBUG   2017-03-09 12:07:33,934 [main] com.wipo.markcode.DBdataProcessor  - going to update mark_code in IP_MARK table::
DEBUG   2017-03-09 12:07:33,935 [main] com.wipo.markcode.DBdataProcessor  - ==========================================================
DEBUG   2017-03-09 12:07:33,936 [main] com.wipo.markcode.DBdataProcessor  - mark_code in IP_MARK is updates successfully for mark::TN/T/2017/4
DEBUG   2017-03-09 12:07:33,936 [main] com.wipo.markcode.DBdataProcessor  - ===============================================================
DEBUG   2017-03-09 12:07:42,366 [main] com.wipo.markcode.UtilityManager  - Mark :::TN/T/2017/4 is processed successfully....
DEBUG   2017-03-09 12:57:55,981 [main] com.wipo.markcode.UtilityManager  - going to process mark:::TN/T/2017/5
