INFO    2017-03-07 16:14:14,062 [main] com.wipo.markcode.UtilityManager  - Initializing Utility...........................................!!!!!
DEBUG   2017-03-07 16:14:14,062 [main] com.wipo.markcode.UtilityManager  - ################################################
DEBUG   2017-03-07 16:14:14,063 [main] com.wipo.markcode.UtilityManager  - =================================================
DEBUG   2017-03-07 16:14:14,063 [main] com.wipo.markcode.UtilityManager  - LOG4JCONFIGFILE:::log4j.properties
DEBUG   2017-03-07 16:14:14,065 [main] com.wipo.markcode.UtilityConfiguration  - loading configuration.....
DEBUG   2017-03-07 16:14:14,066 [main] com.wipo.markcode.UtilityConfiguration  - IIOP PORT:::3700
DEBUG   2017-03-07 16:14:14,066 [main] com.wipo.markcode.UtilityConfiguration  - iiopHost:::localhost
DEBUG   2017-03-07 16:14:14,066 [main] com.wipo.markcode.UtilityConfiguration  - databaseHost:::localhost
DEBUG   2017-03-07 16:14:14,066 [main] com.wipo.markcode.UtilityConfiguration  - databasePort:::1521
DEBUG   2017-03-07 16:14:14,066 [main] com.wipo.markcode.UtilityConfiguration  - databaseTool:::oracle
DEBUG   2017-03-07 16:14:14,066 [main] com.wipo.markcode.UtilityConfiguration  - databaseName:::IPAS330UAT2
DEBUG   2017-03-07 16:14:14,066 [main] com.wipo.markcode.UtilityConfiguration  - userName:::IPAS330UAT2
DEBUG   2017-03-07 16:14:40,625 [main] com.wipo.markcode.UtilityManager  - Obtaining Database Connection....
INFO    2017-03-07 16:14:40,626 [main] com.wipo.markcode.DBdataProcessor  - Database Type is Oracle....
INFO    2017-03-07 16:14:40,862 [main] com.wipo.markcode.UtilityManager  - Initializing Completed...............................................!!!!!!
DEBUG   2017-03-07 16:14:40,862 [main] com.wipo.markcode.UtilityManager  - =================================================
DEBUG   2017-03-07 16:14:40,862 [main] com.wipo.markcode.UtilityManager  - ################################################
DEBUG   2017-03-07 16:14:40,930 [main] com.wipo.markcode.UtilityManager  - =================================================
DEBUG   2017-03-07 16:14:40,931 [main] com.wipo.markcode.UtilityManager  - list_of_mark_having_Problem ::[TN/T/2017/4, TN/T/2017/5]
DEBUG   2017-03-07 16:14:40,931 [main] com.wipo.markcode.UtilityManager  - ################################################
DEBUG   2017-03-07 16:14:40,931 [main] com.wipo.markcode.UtilityManager  - going to process mark:::TN/T/2017/4
ERROR   2017-03-07 16:14:51,035 [main] com.wipo.markcode.MarkEditImpl  - iMark.mRead() error:Unexpected exception has been generated. Please take note of this message and contact the Administrator. Exception class name:java.lang.IllegalArgumentException text:Can not refresh not managed object: null.

DEBUG   2017-03-07 16:14:51,035 [main] com.wipo.markcode.MarkEditImpl  - going to update signtype.....
