INFO    2017-03-09 11:55:45,824 [main] com.wipo.markcode.UtilityManager  - Initializing Utility...........................................!!!!!
DEBUG   2017-03-09 11:55:45,825 [main] com.wipo.markcode.UtilityManager  - ################################################
DEBUG   2017-03-09 11:55:45,825 [main] com.wipo.markcode.UtilityManager  - =================================================
DEBUG   2017-03-09 11:55:45,825 [main] com.wipo.markcode.UtilityManager  - LOG4JCONFIGFILE:::log4j.properties
DEBUG   2017-03-09 11:55:45,826 [main] com.wipo.markcode.UtilityConfiguration  - loading configuration.....
DEBUG   2017-03-09 11:55:45,827 [main] com.wipo.markcode.UtilityConfiguration  - IIOP PORT:::3700
DEBUG   2017-03-09 11:55:45,827 [main] com.wipo.markcode.UtilityConfiguration  - iiopHost:::localhost
DEBUG   2017-03-09 11:55:45,827 [main] com.wipo.markcode.UtilityConfiguration  - databaseHost:::localhost
DEBUG   2017-03-09 11:55:45,828 [main] com.wipo.markcode.UtilityConfiguration  - databasePort:::1521
DEBUG   2017-03-09 11:55:45,828 [main] com.wipo.markcode.UtilityConfiguration  - databaseTool:::oracle
DEBUG   2017-03-09 11:55:45,828 [main] com.wipo.markcode.UtilityConfiguration  - databaseName:::IPAS330UAT2
DEBUG   2017-03-09 11:55:45,828 [main] com.wipo.markcode.UtilityConfiguration  - userName:::IPAS330UAT2
DEBUG   2017-03-09 11:55:46,491 [main] com.wipo.markcode.UtilityManager  - Obtaining Database Connection....
INFO    2017-03-09 11:55:46,498 [main] com.wipo.markcode.DBdataProcessor  - Database Type is Oracle....
INFO    2017-03-09 11:55:46,651 [main] com.wipo.markcode.UtilityManager  - Initializing Completed...............................................!!!!!!
DEBUG   2017-03-09 11:55:46,651 [main] com.wipo.markcode.UtilityManager  - =================================================
DEBUG   2017-03-09 11:55:46,651 [main] com.wipo.markcode.UtilityManager  - ################################################
DEBUG   2017-03-09 11:55:46,713 [main] com.wipo.markcode.UtilityManager  - =================================================
DEBUG   2017-03-09 11:55:46,713 [main] com.wipo.markcode.UtilityManager  - There are no marks in database which problem
DEBUG   2017-03-09 11:55:46,713 [main] com.wipo.markcode.UtilityManager  - Exiting program
